<?xml version="1.0" encoding="UTF-8"?>
<!-- Generated by org.testng.reporters.JUnitXMLReporter -->
<testsuite ignored="0" hostname="NSL-6578" failures="0" tests="1" name="edge" time="2.912" errors="0" timestamp="2022-08-12T15:33:49 IST">
  <testcase classname="abstracted.Report" name="@BeforeTest beforeTest" time="2.887">
    <failure type="org.openqa.selenium.SessionNotCreatedException" message="session not created: This version of Microsoft Edge WebDriver only supports Microsoft Edge version 102
Current browser version is 104.0.1293.47 with binary path C:\Program Files (x86)\Microsoft\Edge\Application\msedge.exe
Build info: version: &amp;apos;3.8.1&amp;apos;, revision: &amp;apos;6e95a6684b&amp;apos;, time: &amp;apos;2017-12-01T18:33:54.468Z&amp;apos;
System info: host: &amp;apos;NSL-6578&amp;apos;, ip: &amp;apos;10.188.2.144&amp;apos;, os.name: &amp;apos;Windows 11&amp;apos;, os.arch: &amp;apos;amd64&amp;apos;, os.version: &amp;apos;10.0&amp;apos;, java.version: &amp;apos;18&amp;apos;
Driver info: driver.version: EdgeDriver
remote stacktrace: Backtrace:
	Microsoft::Applications::Events::EventProperties::unpack [0x00007FF6774B3712+24578]
	Microsoft::Applications::Events::time_ticks_t::time_ticks_t [0x00007FF6773EE282+563682]
	Ordinal0 [0x00007FF676EF0FB5+659381]
	Ordinal0 [0x00007FF676F1BE08+835080]
	Ordinal0 [0x00007FF676F17312+815890]
	Ordinal0 [0x00007FF676F1310B+798987]
	Ordinal0 [0x00007FF676F4CE9D+1035933]
	Ordinal0 [0x00007FF676F475C3+1013187]
	Ordinal0 [0x00007FF676F1E4E0+845024]
	Ordinal0 [0x00007FF676F1F8D8+850136]
	Microsoft::Applications::Events::EventProperty::EventProperty [0x00007FF6771A4EB8+119992]
	Microsoft::Applications::Events::EventProperty::EventProperty [0x00007FF6771909C7+36807]
	Microsoft::Applications::Events::EventProperty::EventProperty [0x00007FF677193B5C+49500]
	Microsoft::Applications::Events::EventProperty::to_string [0x00007FF676FEF606+20582]
	Microsoft::Applications::Events::time_ticks_t::time_ticks_t [0x00007FF6773F56EB+593483]
	Microsoft::Applications::Events::time_ticks_t::time_ticks_t [0x00007FF6773FAC24+615300]
	Microsoft::Applications::Events::time_ticks_t::time_ticks_t [0x00007FF6773FAD7D+615645]
	Microsoft::Applications::Events::time_ticks_t::time_ticks_t [0x00007FF67740598E+659694]
	BaseThreadInitThunk [0x00007FF9E28A54E0+16]
	RtlUserThreadStart [0x00007FF9E3B8485B+43]
">
      <![CDATA[org.openqa.selenium.SessionNotCreatedException: session not created: This version of Microsoft Edge WebDriver only supports Microsoft Edge version 102
Current browser version is 104.0.1293.47 with binary path C:\Program Files (x86)\Microsoft\Edge\Application\msedge.exe
Build info: version: '3.8.1', revision: '6e95a6684b', time: '2017-12-01T18:33:54.468Z'
System info: host: 'NSL-6578', ip: '10.188.2.144', os.name: 'Windows 11', os.arch: 'amd64', os.version: '10.0', java.version: '18'
Driver info: driver.version: EdgeDriver
remote stacktrace: Backtrace:
Microsoft::Applications::Events::EventProperties::unpack [0x00007FF6774B3712+24578]
Microsoft::Applications::Events::time_ticks_t::time_ticks_t [0x00007FF6773EE282+563682]
Ordinal0 [0x00007FF676EF0FB5+659381]
Ordinal0 [0x00007FF676F1BE08+835080]
Ordinal0 [0x00007FF676F17312+815890]
Ordinal0 [0x00007FF676F1310B+798987]
Ordinal0 [0x00007FF676F4CE9D+1035933]
Ordinal0 [0x00007FF676F475C3+1013187]
Ordinal0 [0x00007FF676F1E4E0+845024]
Ordinal0 [0x00007FF676F1F8D8+850136]
Microsoft::Applications::Events::EventProperty::EventProperty [0x00007FF6771A4EB8+119992]
Microsoft::Applications::Events::EventProperty::EventProperty [0x00007FF6771909C7+36807]
Microsoft::Applications::Events::EventProperty::EventProperty [0x00007FF677193B5C+49500]
Microsoft::Applications::Events::EventProperty::to_string [0x00007FF676FEF606+20582]
Microsoft::Applications::Events::time_ticks_t::time_ticks_t [0x00007FF6773F56EB+593483]
Microsoft::Applications::Events::time_ticks_t::time_ticks_t [0x00007FF6773FAC24+615300]
Microsoft::Applications::Events::time_ticks_t::time_ticks_t [0x00007FF6773FAD7D+615645]
Microsoft::Applications::Events::time_ticks_t::time_ticks_t [0x00007FF67740598E+659694]
BaseThreadInitThunk [0x00007FF9E28A54E0+16]
RtlUserThreadStart [0x00007FF9E3B8485B+43]

at org.openqa.selenium.remote.W3CHandshakeResponse.lambda$new$0(W3CHandshakeResponse.java:57)
at org.openqa.selenium.remote.W3CHandshakeResponse.lambda$getResponseFunction$2(W3CHandshakeResponse.java:104)
at org.openqa.selenium.remote.ProtocolHandshake.lambda$createSession$0(ProtocolHandshake.java:123)
at java.base/java.util.stream.ReferencePipeline$3$1.accept(ReferencePipeline.java:197)
at java.base/java.util.Spliterators$ArraySpliterator.tryAdvance(Spliterators.java:1002)
at java.base/java.util.stream.ReferencePipeline.forEachWithCancel(ReferencePipeline.java:129)
at java.base/java.util.stream.AbstractPipeline.copyIntoWithCancel(AbstractPipeline.java:527)
at java.base/java.util.stream.AbstractPipeline.copyInto(AbstractPipeline.java:513)
at java.base/java.util.stream.AbstractPipeline.wrapAndCopyInto(AbstractPipeline.java:499)
at java.base/java.util.stream.FindOps$FindOp.evaluateSequential(FindOps.java:150)
at java.base/java.util.stream.AbstractPipeline.evaluate(AbstractPipeline.java:234)
at java.base/java.util.stream.ReferencePipeline.findFirst(ReferencePipeline.java:647)
at org.openqa.selenium.remote.ProtocolHandshake.createSession(ProtocolHandshake.java:126)
at org.openqa.selenium.remote.ProtocolHandshake.createSession(ProtocolHandshake.java:73)
at org.openqa.selenium.remote.HttpCommandExecutor.execute(HttpCommandExecutor.java:142)
at org.openqa.selenium.remote.service.DriverCommandExecutor.execute(DriverCommandExecutor.java:83)
at org.openqa.selenium.remote.RemoteWebDriver.execute(RemoteWebDriver.java:601)
at org.openqa.selenium.remote.RemoteWebDriver.startSession(RemoteWebDriver.java:219)
at org.openqa.selenium.remote.RemoteWebDriver.<init>(RemoteWebDriver.java:142)
at org.openqa.selenium.edge.EdgeDriver.<init>(EdgeDriver.java:141)
at org.openqa.selenium.edge.EdgeDriver.<init>(EdgeDriver.java:96)
at utils.BrowserManager.setProperty(BrowserManager.java:18)
at abstracted.Report.beforeTest(Report.java:46)
... Removed 25 stack frames]]>
    </failure>
  </testcase> <!-- @BeforeTest beforeTest -->
  <testcase classname="abstracted.Report" name="@AfterMethod afterMethod" time="-1.660298629572E9">
    <skipped/>
  </testcase> <!-- @AfterMethod afterMethod -->
  <testcase classname="abstracted.Report" name="@AfterClass afterClass" time="-1.660298629577E9">
    <skipped/>
  </testcase> <!-- @AfterClass afterClass -->
  <testcase classname="base.TestScript" name="prerequisite" time="0.0">
    <skipped/>
  </testcase> <!-- prerequisite -->
</testsuite> <!-- edge -->
